<?xml version="1.0" encoding="UTF-8"?>
<testng-results ignored="0" total="1" passed="1" failed="0" skipped="0">
  <reporter-output>
  </reporter-output>
  <suite started-at="2023-08-28T16:00:28 IST" name="Default suite" finished-at="2023-08-28T16:00:28 IST" duration-ms="55">
    <groups>
    </groups>
    <test started-at="2023-08-28T16:00:28 IST" name="Default test" finished-at="2023-08-28T16:00:28 IST" duration-ms="55">
      <class name="sample.DemoFresh">
        <test-method signature="sample()[pri:0, instance:sample.DemoFresh@505fc5a4]" started-at="2023-08-28T16:00:28 IST" name="sample" finished-at="2023-08-28T16:00:28 IST" duration-ms="8" status="PASS">
          <reporter-output>
          </reporter-output>
        </test-method> <!-- sample -->
      </class> <!-- sample.DemoFresh -->
    </test> <!-- Default test -->
  </suite> <!-- Default suite -->
</testng-results>
